<?xml version="1.0" encoding="UTF-8"?>
<testng-results ignored="0" total="1" passed="1" failed="0" skipped="0">
  <reporter-output>
  </reporter-output>
  <suite started-at="2026-05-23T10:32:44 IST" name="Surefire suite" finished-at="2026-05-23T10:32:48 IST" duration-ms="4282">
    <groups>
    </groups>
    <test started-at="2026-05-23T10:32:44 IST" name="Surefire test" finished-at="2026-05-23T10:32:48 IST" duration-ms="4282">
      <class name="test.ui.LoginTest">
        <test-method is-config="true" signature="setup()[pri:0, instance:test.ui.LoginTest@101952da]" started-at="2026-05-23T10:32:44 IST" name="setup" finished-at="2026-05-23T10:32:48 IST" duration-ms="3507" status="PASS">
          <reporter-output>
          </reporter-output>
        </test-method> <!-- setup -->
        <test-method signature="verifyLogin(java.lang.String,java.lang.String)[pri:0, instance:test.ui.LoginTest@101952da]" started-at="2026-05-23T10:32:48 IST" name="verifyLogin" data-provider="getTestData" finished-at="2026-05-23T10:32:48 IST" duration-ms="652" status="PASS">
          <params>
            <param index="0">
              <value>
                <![CDATA[Admin]]>
              </value>
            </param>
            <param index="1">
              <value>
                <![CDATA[admin123]]>
              </value>
            </param>
          </params>
          <reporter-output>
          </reporter-output>
        </test-method> <!-- verifyLogin -->
        <test-method is-config="true" signature="tearDown()[pri:0, instance:test.ui.LoginTest@101952da]" started-at="2026-05-23T10:32:48 IST" name="tearDown" finished-at="2026-05-23T10:32:48 IST" duration-ms="88" status="PASS">
          <reporter-output>
          </reporter-output>
        </test-method> <!-- tearDown -->
      </class> <!-- test.ui.LoginTest -->
    </test> <!-- Surefire test -->
  </suite> <!-- Surefire suite -->
</testng-results>
